<?xml version="1.0" encoding="UTF-8"?>
<testsuite xmlns:xsi="http://www.w3.org/2001/XMLSchema-instance" xsi:noNamespaceSchemaLocation="https://maven.apache.org/surefire/maven-surefire-plugin/xsd/surefire-test-report.xsd" name="TestFaculty" time="0.102" tests="11" errors="0" skipped="0" failures="0">
  <properties>
[...]
</properties>
  <testcase name="testGetDepartment" classname="TestFaculty" time="0.027"/>
  <testcase name="testSetFirstName" classname="TestFaculty" time="0"/>
  <testcase name="testSetDepartment" classname="TestFaculty" time="0.002"/>
  <testcase name="testToString" classname="TestFaculty" time="0.022"/>
  <testcase name="testSetLastName" classname="TestFaculty" time="0.001"/>
  <testcase name="getLastName" classname="TestFaculty" time="0.001"/>
  <testcase name="testSetCampus" classname="TestFaculty" time="0.001"/>
  <testcase name="testSetResearch" classname="TestFaculty" time="0.001"/>
  <testcase name="testGetCampus" classname="TestFaculty" time="0.002"/>
  <testcase name="testGetResearch" classname="TestFaculty" time="0.002"/>
  <testcase name="testGetFirstName" classname="TestFaculty" time="0.002"/>
</testsuite>