<?xml version="1.0" encoding="UTF-8"?>
<testsuite xmlns:xsi="http://www.w3.org/2001/XMLSchema-instance" xsi:noNamespaceSchemaLocation="https://maven.apache.org/surefire/maven-surefire-plugin/xsd/surefire-test-report.xsd" name="TestEvent" time="0.582" tests="7" errors="0" skipped="0" failures="0">
  <properties>
[...]
</properties>
  <testcase name="testToString" classname="TestEvent" time="0.224"/>
  <testcase name="testGetDate" classname="TestEvent" time="0"/>
  <testcase name="testGetName" classname="TestEvent" time="0"/>
  <testcase name="testGetTime" classname="TestEvent" time="0"/>
  <testcase name="testSetDate" classname="TestEvent" time="0"/>
  <testcase name="testSetName" classname="TestEvent" time="0.001"/>
  <testcase name="testSetTime" classname="TestEvent" time="0.001"/>
</testsuite>